\BOOKMARK [1][-]{section.1}{Inledning}{}% 1
\BOOKMARK [2][-]{subsection.1.1}{Mobile-first eller Desktop-first}{section.1}% 2
\BOOKMARK [2][-]{subsection.1.2}{Syfte}{section.1}% 3
\BOOKMARK [2][-]{subsection.1.3}{Avgr\344nsningar}{section.1}% 4
\BOOKMARK [2][-]{subsection.1.4}{Valtech AB}{section.1}% 5
\BOOKMARK [1][-]{section.2}{Bakgrund}{}% 6
\BOOKMARK [2][-]{subsection.2.1}{Mobilanv\344ndare}{section.2}% 7
\BOOKMARK [2][-]{subsection.2.2}{Desktopanv\344ndare}{section.2}% 8
\BOOKMARK [1][-]{section.3}{Teori}{}% 9
\BOOKMARK [2][-]{subsection.3.1}{Responsive web design}{section.3}% 10
\BOOKMARK [3][-]{subsubsection.3.1.1}{Fluid Grid}{subsection.3.1}% 11
\BOOKMARK [3][-]{subsubsection.3.1.2}{Fluid Images}{subsection.3.1}% 12
\BOOKMARK [3][-]{subsubsection.3.1.3}{Media Queries}{subsection.3.1}% 13
\BOOKMARK [2][-]{subsection.3.2}{Mobile-first}{section.3}% 14
\BOOKMARK [2][-]{subsection.3.3}{Desktop-first}{section.3}% 15
\BOOKMARK [1][-]{section.4}{Metod}{}% 16
\BOOKMARK [2][-]{subsection.4.1}{Litteraturstudie}{section.4}% 17
\BOOKMARK [3][-]{subsubsection.4.1.1}{Milj\366}{subsection.4.1}% 18
\BOOKMARK [3][-]{subsubsection.4.1.2}{M\345lgrupp}{subsection.4.1}% 19
\BOOKMARK [3][-]{subsubsection.4.1.3}{Kontext}{subsection.4.1}% 20
\BOOKMARK [2][-]{subsection.4.2}{Implementation av webbsida}{section.4}% 21
\BOOKMARK [3][-]{subsubsection.4.2.1}{Prototyp}{subsection.4.2}% 22
\BOOKMARK [3][-]{subsubsection.4.2.2}{Webbsidan i Desktop-first}{subsection.4.2}% 23
\BOOKMARK [3][-]{subsubsection.4.2.3}{Webbsidan i Mobile-first}{subsection.4.2}% 24
\BOOKMARK [2][-]{subsection.4.3}{Praktisk- och teoretisk tillv\344gag\345ngs\344tt}{section.4}% 25
\BOOKMARK [2][-]{subsection.4.4}{Verktyg}{section.4}% 26
\BOOKMARK [3][-]{subsubsection.4.4.1}{HTML}{subsection.4.4}% 27
\BOOKMARK [3][-]{subsubsection.4.4.2}{CSS}{subsection.4.4}% 28
\BOOKMARK [3][-]{subsubsection.4.4.3}{JavaScript}{subsection.4.4}% 29
\BOOKMARK [1][-]{section.5}{Resultat}{}% 30
\BOOKMARK [2][-]{subsection.5.1}{Litteraturstudie}{section.5}% 31
\BOOKMARK [3][-]{subsubsection.5.1.1}{Samlade synpunkter}{subsection.5.1}% 32
\BOOKMARK [4][-]{paragraph.5.1.1.1}{N\344mnda f\366r- och nackdelar}{subsubsection.5.1.1}% 33
\BOOKMARK [3][-]{subsubsection.5.1.2}{Anv\344ndningsomr\345de}{subsection.5.1}% 34
\BOOKMARK [4][-]{paragraph.5.1.2.1}{M\345lgrupp}{subsubsection.5.1.2}% 35
\BOOKMARK [4][-]{paragraph.5.1.2.2}{Kontext}{subsubsection.5.1.2}% 36
\BOOKMARK [4][-]{paragraph.5.1.2.3}{Milj\366}{subsubsection.5.1.2}% 37
\BOOKMARK [2][-]{subsection.5.2}{Implementation}{section.5}% 38
\BOOKMARK [3][-]{subsubsection.5.2.1}{Prototyp}{subsection.5.2}% 39
\BOOKMARK [4][-]{paragraph.5.2.1.1}{Banner}{subsubsection.5.2.1}% 40
\BOOKMARK [4][-]{paragraph.5.2.1.2}{Menyer}{subsubsection.5.2.1}% 41
\BOOKMARK [4][-]{paragraph.5.2.1.3}{Artiklar och Annonser}{subsubsection.5.2.1}% 42
\BOOKMARK [4][-]{paragraph.5.2.1.4}{F\344rgmarkeringar}{subsubsection.5.2.1}% 43
\BOOKMARK [3][-]{subsubsection.5.2.2}{Responstid}{subsection.5.2}% 44
\BOOKMARK [3][-]{subsubsection.5.2.3}{Kodstorlek}{subsection.5.2}% 45
\BOOKMARK [3][-]{subsubsection.5.2.4}{Implementeringstid}{subsection.5.2}% 46
\BOOKMARK [3][-]{subsubsection.5.2.5}{Kommentarer fr\345n dagboken}{subsection.5.2}% 47
\BOOKMARK [1][-]{section.6}{Diskussion och Analys}{}% 48
